d:\微信公众号\typora\c++\淘气鸟\淘气鸟\release\vc140.pdb
d:\微信公众号\typora\c++\淘气鸟\淘气鸟\release\manage.obj
d:\微信公众号\typora\c++\淘气鸟\淘气鸟\release\main.obj
d:\微信公众号\typora\c++\淘气鸟\淘气鸟\release\block.obj
d:\微信公众号\typora\c++\淘气鸟\淘气鸟\release\bird.obj
d:\微信公众号\typora\c++\淘气鸟\淘气鸟\release\background.obj
d:\微信公众号\typora\c++\淘气鸟\release\淘气鸟.exe
d:\微信公众号\typora\c++\淘气鸟\release\淘气鸟.ipdb
d:\微信公众号\typora\c++\淘气鸟\release\淘气鸟.iobj
d:\微信公众号\typora\c++\淘气鸟\release\淘气鸟.pdb
d:\微信公众号\typora\c++\淘气鸟\淘气鸟\release\淘气鸟.res
d:\微信公众号\typora\c++\淘气鸟\淘气鸟\release\淘气鸟.tlog\cl.command.1.tlog
d:\微信公众号\typora\c++\淘气鸟\淘气鸟\release\淘气鸟.tlog\cl.read.1.tlog
d:\微信公众号\typora\c++\淘气鸟\淘气鸟\release\淘气鸟.tlog\cl.write.1.tlog
d:\微信公众号\typora\c++\淘气鸟\淘气鸟\release\淘气鸟.tlog\link.command.1.tlog
d:\微信公众号\typora\c++\淘气鸟\淘气鸟\release\淘气鸟.tlog\link.read.1.tlog
d:\微信公众号\typora\c++\淘气鸟\淘气鸟\release\淘气鸟.tlog\link.write.1.tlog
d:\微信公众号\typora\c++\淘气鸟\淘气鸟\release\淘气鸟.tlog\rc.command.1.tlog
d:\微信公众号\typora\c++\淘气鸟\淘气鸟\release\淘气鸟.tlog\rc.read.1.tlog
d:\微信公众号\typora\c++\淘气鸟\淘气鸟\release\淘气鸟.tlog\rc.write.1.tlog
